[11968 - Suricata-Main] 2026-04-09 21:11:48 Notice: suricata: This is Suricata version 7.0.3 RELEASE running in USER mode
[11968 - Suricata-Main] 2026-04-09 21:11:48 Info: cpu: CPUs/cores online: 2
[11968 - Suricata-Main] 2026-04-09 21:11:48 Info: suricata: Setting engine mode to IDS mode by default
[11968 - Suricata-Main] 2026-04-09 21:11:48 Info: exception-policy: master exception-policy set to: auto
[11968 - Suricata-Main] 2026-04-09 21:11:48 Info: logopenfile: fast output device (regular) initialized: fast.log
[11968 - Suricata-Main] 2026-04-09 21:11:48 Info: logopenfile: eve-log output device (regular) initialized: eve.json
[11968 - Suricata-Main] 2026-04-09 21:11:48 Info: detect: 1 rule files processed. 3 rules successfully loaded, 0 rules failed, 0
[11968 - Suricata-Main] 2026-04-09 21:11:48 Info: threshold-config: Threshold config parsed: 0 rule(s) found
[11968 - Suricata-Main] 2026-04-09 21:11:48 Info: detect: 3 signatures processed. 1 are IP-only rules, 2 are inspecting packet payload, 0 inspect application layer, 0 are decoder event only
[11969 - RX#01] 2026-04-09 21:11:48 Info: pcap: using bpf-filter " -S /home/ubuntu/cyt160-lab4/suricata/rules/mqtt-rate-limit.rules  -S /home/ubuntu/cyt160-lab4/suricata/rules/mqtt-malformed-json.rules  -l /home/ubuntu/test_nominal"
[11969 - RX#01] 2026-04-09 21:11:48 Error: pcap: bpf compilation error can't parse filter expression: syntax error for /home/ubuntu/mqtt_plaintext.pcap
[11969 - RX#01] 2026-04-09 21:11:48 Warning: pcap: Failed to init pcap file /home/ubuntu/mqtt_plaintext.pcap, skipping
[11968 - Suricata-Main] 2026-04-09 21:11:48 Info: unix-manager: unix socket '/var/run/suricata-command.socket'
[11969 - RX#01] 2026-04-09 21:11:48 Error: pcap: pcap file reader thread failed to initialize
[11968 - Suricata-Main] 2026-04-09 21:11:48 Notice: threads: Threads created -> RX: 1 W: 2 FM: 1 FR: 1   Engine started.
[11968 - Suricata-Main] 2026-04-09 21:11:48 Notice: suricata: Signal Received.  Stopping engine.
[11968 - Suricata-Main] 2026-04-09 21:11:48 Info: suricata: time elapsed 0.027s
[11968 - Suricata-Main] 2026-04-09 21:11:48 Info: counters: Alerts: 0
[26089 - Suricata-Main] 2026-04-10 03:47:38 Notice: suricata: This is Suricata version 7.0.3 RELEASE running in USER mode
[26089 - Suricata-Main] 2026-04-10 03:47:38 Info: cpu: CPUs/cores online: 2
[26089 - Suricata-Main] 2026-04-10 03:47:38 Info: suricata: Setting engine mode to IDS mode by default
[26089 - Suricata-Main] 2026-04-10 03:47:38 Info: exception-policy: master exception-policy set to: auto
[26089 - Suricata-Main] 2026-04-10 03:47:38 Info: logopenfile: fast output device (regular) initialized: fast.log
[26089 - Suricata-Main] 2026-04-10 03:47:38 Info: logopenfile: eve-log output device (regular) initialized: eve.json
[26089 - Suricata-Main] 2026-04-10 03:47:38 Info: detect: 1 rule files processed. 3 rules successfully loaded, 0 rules failed, 0
[26089 - Suricata-Main] 2026-04-10 03:47:38 Info: threshold-config: Threshold config parsed: 0 rule(s) found
[26089 - Suricata-Main] 2026-04-10 03:47:38 Info: detect: 3 signatures processed. 1 are IP-only rules, 2 are inspecting packet payload, 0 inspect application layer, 0 are decoder event only
[26090 - RX#01] 2026-04-10 03:47:38 Info: pcap: using bpf-filter " -S /home/ubuntu/cyt160-lab4/suricata/rules/mqtt-rate-limit.rules  -S /home/ubuntu/cyt160-lab4/suricata/rules/mqtt-malformed-json.rules  -l /home/ubuntu/test_nominal"
[26090 - RX#01] 2026-04-10 03:47:38 Error: pcap: bpf compilation error can't parse filter expression: syntax error for /home/ubuntu/mqtt_plaintext.pcap
[26090 - RX#01] 2026-04-10 03:47:38 Warning: pcap: Failed to init pcap file /home/ubuntu/mqtt_plaintext.pcap, skipping
[26089 - Suricata-Main] 2026-04-10 03:47:38 Info: unix-manager: unix socket '/var/run/suricata-command.socket'
[26090 - RX#01] 2026-04-10 03:47:38 Error: pcap: pcap file reader thread failed to initialize
[26089 - Suricata-Main] 2026-04-10 03:47:38 Notice: threads: Threads created -> RX: 1 W: 2 FM: 1 FR: 1   Engine started.
[26089 - Suricata-Main] 2026-04-10 03:47:38 Notice: suricata: Signal Received.  Stopping engine.
[26089 - Suricata-Main] 2026-04-10 03:47:38 Info: suricata: time elapsed 0.028s
[26089 - Suricata-Main] 2026-04-10 03:47:38 Info: counters: Alerts: 0
[2440 - Suricata-Main] 2026-04-10 15:22:05 Notice: suricata: This is Suricata version 7.0.3 RELEASE running in USER mode
[2440 - Suricata-Main] 2026-04-10 15:22:05 Info: cpu: CPUs/cores online: 2
[2440 - Suricata-Main] 2026-04-10 15:22:05 Info: suricata: Setting engine mode to IDS mode by default
[2440 - Suricata-Main] 2026-04-10 15:22:05 Info: exception-policy: master exception-policy set to: auto
[2440 - Suricata-Main] 2026-04-10 15:22:06 Info: logopenfile: fast output device (regular) initialized: fast.log
[2440 - Suricata-Main] 2026-04-10 15:22:06 Info: logopenfile: eve-log output device (regular) initialized: eve.json
[2440 - Suricata-Main] 2026-04-10 15:22:06 Info: detect: 1 rule files processed. 3 rules successfully loaded, 0 rules failed, 0
[2440 - Suricata-Main] 2026-04-10 15:22:06 Info: threshold-config: Threshold config parsed: 0 rule(s) found
[2440 - Suricata-Main] 2026-04-10 15:22:06 Info: detect: 3 signatures processed. 1 are IP-only rules, 2 are inspecting packet payload, 0 inspect application layer, 0 are decoder event only
[2441 - RX#01] 2026-04-10 15:22:06 Info: pcap: using bpf-filter " -S /home/ubuntu/cyt160-lab4/suricata/rules/mqtt-rate-limit.rules  -S /home/ubuntu/cyt160-lab4/suricata/rules/mqtt-malformed-json.rules  -l /home/ubuntu/test_nominal"
[2441 - RX#01] 2026-04-10 15:22:06 Error: pcap: bpf compilation error can't parse filter expression: syntax error for /home/ubuntu/mqtt_plaintext.pcap
[2441 - RX#01] 2026-04-10 15:22:06 Warning: pcap: Failed to init pcap file /home/ubuntu/mqtt_plaintext.pcap, skipping
[2440 - Suricata-Main] 2026-04-10 15:22:06 Info: unix-manager: unix socket '/var/run/suricata-command.socket'
[2441 - RX#01] 2026-04-10 15:22:06 Error: pcap: pcap file reader thread failed to initialize
[2440 - Suricata-Main] 2026-04-10 15:22:06 Notice: threads: Threads created -> RX: 1 W: 2 FM: 1 FR: 1   Engine started.
[2440 - Suricata-Main] 2026-04-10 15:22:06 Notice: suricata: Signal Received.  Stopping engine.
[2440 - Suricata-Main] 2026-04-10 15:22:06 Info: suricata: time elapsed 0.028s
[2440 - Suricata-Main] 2026-04-10 15:22:06 Info: counters: Alerts: 0
[3480 - Suricata-Main] 2026-04-10 16:23:51 Notice: suricata: This is Suricata version 7.0.3 RELEASE running in USER mode
[3480 - Suricata-Main] 2026-04-10 16:23:51 Info: cpu: CPUs/cores online: 2
[3480 - Suricata-Main] 2026-04-10 16:23:51 Info: suricata: Setting engine mode to IDS mode by default
[3480 - Suricata-Main] 2026-04-10 16:23:51 Info: exception-policy: master exception-policy set to: auto
[3480 - Suricata-Main] 2026-04-10 16:23:51 Info: logopenfile: fast output device (regular) initialized: fast.log
[3480 - Suricata-Main] 2026-04-10 16:23:51 Info: logopenfile: eve-log output device (regular) initialized: eve.json
[3480 - Suricata-Main] 2026-04-10 16:23:51 Info: detect: 1 rule files processed. 3 rules successfully loaded, 0 rules failed, 0
[3480 - Suricata-Main] 2026-04-10 16:23:51 Info: threshold-config: Threshold config parsed: 0 rule(s) found
[3480 - Suricata-Main] 2026-04-10 16:23:51 Info: detect: 3 signatures processed. 1 are IP-only rules, 2 are inspecting packet payload, 0 inspect application layer, 0 are decoder event only
[3481 - RX#01] 2026-04-10 16:23:51 Info: pcap: using bpf-filter " -S /home/ubuntu/cyt160-lab4/suricata/rules/mqtt-rate-limit.rules  -l /home/ubuntu/test_flood"
[3481 - RX#01] 2026-04-10 16:23:51 Error: pcap: bpf compilation error can't parse filter expression: syntax error for /home/ubuntu/mqtt_attack_flood.pcap
[3481 - RX#01] 2026-04-10 16:23:51 Warning: pcap: Failed to init pcap file /home/ubuntu/mqtt_attack_flood.pcap, skipping
[3480 - Suricata-Main] 2026-04-10 16:23:51 Info: unix-manager: unix socket '/var/run/suricata-command.socket'
[3481 - RX#01] 2026-04-10 16:23:51 Error: pcap: pcap file reader thread failed to initialize
[3480 - Suricata-Main] 2026-04-10 16:23:51 Notice: threads: Threads created -> RX: 1 W: 2 FM: 1 FR: 1   Engine started.
[3480 - Suricata-Main] 2026-04-10 16:23:51 Notice: suricata: Signal Received.  Stopping engine.
[3480 - Suricata-Main] 2026-04-10 16:23:51 Info: suricata: time elapsed 0.025s
[3480 - Suricata-Main] 2026-04-10 16:23:51 Info: counters: Alerts: 0
[4246 - Suricata-Main] 2026-04-11 02:01:24 Notice: suricata: This is Suricata version 7.0.3 RELEASE running in USER mode
[4246 - Suricata-Main] 2026-04-11 02:01:24 Info: cpu: CPUs/cores online: 2
[4246 - Suricata-Main] 2026-04-11 02:01:24 Info: suricata: Setting engine mode to IDS mode by default
[4246 - Suricata-Main] 2026-04-11 02:01:24 Info: exception-policy: master exception-policy set to: auto
[4246 - Suricata-Main] 2026-04-11 02:01:24 Info: logopenfile: fast output device (regular) initialized: fast.log
[4246 - Suricata-Main] 2026-04-11 02:01:24 Info: logopenfile: eve-log output device (regular) initialized: eve.json
[4246 - Suricata-Main] 2026-04-11 02:01:24 Info: detect: 1 rule files processed. 2 rules successfully loaded, 0 rules failed, 0
[4246 - Suricata-Main] 2026-04-11 02:01:24 Info: threshold-config: Threshold config parsed: 0 rule(s) found
[4246 - Suricata-Main] 2026-04-11 02:01:24 Info: detect: 2 signatures processed. 0 are IP-only rules, 2 are inspecting packet payload, 0 inspect application layer, 0 are decoder event only
[4247 - RX#01] 2026-04-11 02:01:24 Info: pcap: using bpf-filter " -S /home/ubuntu/cyt160-lab4/suricata/rules/mqtt-rate-limit.rules  -l /home/ubuntu/test_flood"
[4247 - RX#01] 2026-04-11 02:01:24 Error: pcap: bpf compilation error can't parse filter expression: syntax error for /home/ubuntu/mqtt_attack_flood.pcap
[4247 - RX#01] 2026-04-11 02:01:24 Warning: pcap: Failed to init pcap file /home/ubuntu/mqtt_attack_flood.pcap, skipping
[4246 - Suricata-Main] 2026-04-11 02:01:24 Info: unix-manager: unix socket '/var/run/suricata-command.socket'
[4247 - RX#01] 2026-04-11 02:01:24 Error: pcap: pcap file reader thread failed to initialize
[4246 - Suricata-Main] 2026-04-11 02:01:24 Notice: threads: Threads created -> RX: 1 W: 2 FM: 1 FR: 1   Engine started.
[4246 - Suricata-Main] 2026-04-11 02:01:24 Notice: suricata: Signal Received.  Stopping engine.
[4246 - Suricata-Main] 2026-04-11 02:01:24 Info: suricata: time elapsed 0.022s
[4246 - Suricata-Main] 2026-04-11 02:01:24 Info: counters: Alerts: 0
[4300 - Suricata-Main] 2026-04-11 02:03:15 Notice: suricata: This is Suricata version 7.0.3 RELEASE running in USER mode
[4300 - Suricata-Main] 2026-04-11 02:03:15 Info: cpu: CPUs/cores online: 2
[4300 - Suricata-Main] 2026-04-11 02:03:15 Info: suricata: Setting engine mode to IDS mode by default
[4300 - Suricata-Main] 2026-04-11 02:03:15 Info: exception-policy: master exception-policy set to: auto
[4300 - Suricata-Main] 2026-04-11 02:03:15 Info: logopenfile: fast output device (regular) initialized: fast.log
[4300 - Suricata-Main] 2026-04-11 02:03:15 Info: logopenfile: eve-log output device (regular) initialized: eve.json
[4300 - Suricata-Main] 2026-04-11 02:03:15 Info: detect: 1 rule files processed. 2 rules successfully loaded, 0 rules failed, 0
[4300 - Suricata-Main] 2026-04-11 02:03:15 Info: threshold-config: Threshold config parsed: 0 rule(s) found
[4300 - Suricata-Main] 2026-04-11 02:03:15 Info: detect: 2 signatures processed. 0 are IP-only rules, 2 are inspecting packet payload, 0 inspect application layer, 0 are decoder event only
[4301 - RX#01] 2026-04-11 02:03:15 Info: pcap: using bpf-filter " -S /home/ubuntu/cyt160-lab4/suricata/rules/mqtt-rate-limit.rules  -l /home/ubuntu/test_flood  -k none"
[4301 - RX#01] 2026-04-11 02:03:15 Error: pcap: bpf compilation error can't parse filter expression: syntax error for /home/ubuntu/mqtt_attack_flood.pcap
[4301 - RX#01] 2026-04-11 02:03:15 Warning: pcap: Failed to init pcap file /home/ubuntu/mqtt_attack_flood.pcap, skipping
[4300 - Suricata-Main] 2026-04-11 02:03:15 Info: unix-manager: unix socket '/var/run/suricata-command.socket'
[4301 - RX#01] 2026-04-11 02:03:15 Error: pcap: pcap file reader thread failed to initialize
[4300 - Suricata-Main] 2026-04-11 02:03:15 Notice: threads: Threads created -> RX: 1 W: 2 FM: 1 FR: 1   Engine started.
[4300 - Suricata-Main] 2026-04-11 02:03:15 Notice: suricata: Signal Received.  Stopping engine.
[4300 - Suricata-Main] 2026-04-11 02:03:15 Info: suricata: time elapsed 0.022s
[4300 - Suricata-Main] 2026-04-11 02:03:15 Info: counters: Alerts: 0
[4355 - Suricata-Main] 2026-04-11 02:03:47 Notice: suricata: This is Suricata version 7.0.3 RELEASE running in USER mode
[4355 - Suricata-Main] 2026-04-11 02:03:47 Info: cpu: CPUs/cores online: 2
[4355 - Suricata-Main] 2026-04-11 02:03:47 Info: suricata: Setting engine mode to IDS mode by default
[4355 - Suricata-Main] 2026-04-11 02:03:47 Info: exception-policy: master exception-policy set to: auto
[4355 - Suricata-Main] 2026-04-11 02:03:48 Info: logopenfile: fast output device (regular) initialized: fast.log
[4355 - Suricata-Main] 2026-04-11 02:03:48 Info: logopenfile: eve-log output device (regular) initialized: eve.json
[4355 - Suricata-Main] 2026-04-11 02:03:48 Info: detect: 1 rule files processed. 2 rules successfully loaded, 0 rules failed, 0
[4355 - Suricata-Main] 2026-04-11 02:03:48 Info: threshold-config: Threshold config parsed: 0 rule(s) found
[4355 - Suricata-Main] 2026-04-11 02:03:48 Info: detect: 2 signatures processed. 0 are IP-only rules, 2 are inspecting packet payload, 0 inspect application layer, 0 are decoder event only
[4356 - RX#01] 2026-04-11 02:03:48 Info: pcap: using bpf-filter " -S /home/ubuntu/cyt160-lab4/suricata/rules/mqtt-rate-limit.rules  -l /home/ubuntu/test_flood"
[4356 - RX#01] 2026-04-11 02:03:48 Error: pcap: bpf compilation error can't parse filter expression: syntax error for /home/ubuntu/mqtt_attack_flood.pcap
[4356 - RX#01] 2026-04-11 02:03:48 Warning: pcap: Failed to init pcap file /home/ubuntu/mqtt_attack_flood.pcap, skipping
[4355 - Suricata-Main] 2026-04-11 02:03:48 Info: unix-manager: unix socket '/var/run/suricata-command.socket'
[4356 - RX#01] 2026-04-11 02:03:48 Error: pcap: pcap file reader thread failed to initialize
[4355 - Suricata-Main] 2026-04-11 02:03:48 Notice: threads: Threads created -> RX: 1 W: 2 FM: 1 FR: 1   Engine started.
[4355 - Suricata-Main] 2026-04-11 02:03:48 Notice: suricata: Signal Received.  Stopping engine.
[4355 - Suricata-Main] 2026-04-11 02:03:48 Info: suricata: time elapsed 0.021s
[4355 - Suricata-Main] 2026-04-11 02:03:48 Info: counters: Alerts: 0
[4396 - Suricata-Main] 2026-04-11 02:05:03 Notice: suricata: This is Suricata version 7.0.3 RELEASE running in USER mode
[4396 - Suricata-Main] 2026-04-11 02:05:03 Info: cpu: CPUs/cores online: 2
[4396 - Suricata-Main] 2026-04-11 02:05:03 Info: suricata: Setting engine mode to IDS mode by default
[4396 - Suricata-Main] 2026-04-11 02:05:03 Info: exception-policy: master exception-policy set to: auto
[4396 - Suricata-Main] 2026-04-11 02:05:03 Info: logopenfile: fast output device (regular) initialized: fast.log
[4396 - Suricata-Main] 2026-04-11 02:05:03 Info: logopenfile: eve-log output device (regular) initialized: eve.json
[4396 - Suricata-Main] 2026-04-11 02:05:03 Info: detect: 1 rule files processed. 2 rules successfully loaded, 0 rules failed, 0
[4396 - Suricata-Main] 2026-04-11 02:05:03 Info: threshold-config: Threshold config parsed: 0 rule(s) found
[4396 - Suricata-Main] 2026-04-11 02:05:03 Info: detect: 2 signatures processed. 0 are IP-only rules, 2 are inspecting packet payload, 0 inspect application layer, 0 are decoder event only
[4397 - RX#01] 2026-04-11 02:05:03 Info: pcap: using bpf-filter " -S /home/ubuntu/cyt160-lab4/suricata/rules/mqtt-rate-limit.rules  -l /home/ubuntu/test_flood"
[4397 - RX#01] 2026-04-11 02:05:03 Error: pcap: bpf compilation error can't parse filter expression: syntax error for /home/ubuntu/mqtt_attack_flood.pcap
[4397 - RX#01] 2026-04-11 02:05:03 Warning: pcap: Failed to init pcap file /home/ubuntu/mqtt_attack_flood.pcap, skipping
[4396 - Suricata-Main] 2026-04-11 02:05:03 Info: unix-manager: unix socket '/var/run/suricata-command.socket'
[4397 - RX#01] 2026-04-11 02:05:03 Error: pcap: pcap file reader thread failed to initialize
[4396 - Suricata-Main] 2026-04-11 02:05:03 Notice: threads: Threads created -> RX: 1 W: 2 FM: 1 FR: 1   Engine started.
[4396 - Suricata-Main] 2026-04-11 02:05:03 Notice: suricata: Signal Received.  Stopping engine.
[4396 - Suricata-Main] 2026-04-11 02:05:03 Info: suricata: time elapsed 0.023s
[4396 - Suricata-Main] 2026-04-11 02:05:03 Info: counters: Alerts: 0
